{
  "RSpec": {
    "coverage": {
      "/Users/janlehigh/turing/3mod/projects/sweater_weather/app/models/user.rb": {
        "lines": [
          1,
          1,
          1,
          null,
          1,
          1,
          1,
          1,
          null,
          null,
          1,
          null,
          1,
          3,
          null,
          null
        ]
      },
      "/Users/janlehigh/turing/3mod/projects/sweater_weather/app/models/application_record.rb": {
        "lines": [
          1,
          1,
          null
        ]
      },
      "/Users/janlehigh/turing/3mod/projects/sweater_weather/app/controllers/api/v1/sessions_controller.rb": {
        "lines": [
          1,
          1,
          3,
          null,
          3,
          1,
          null,
          2,
          null,
          null,
          null
        ]
      },
      "/Users/janlehigh/turing/3mod/projects/sweater_weather/app/controllers/application_controller.rb": {
        "lines": [
          1,
          null
        ]
      },
      "/Users/janlehigh/turing/3mod/projects/sweater_weather/app/serializers/user_serializer.rb": {
        "lines": [
          1,
          1,
          null,
          1,
          null
        ]
      },
      "/Users/janlehigh/turing/3mod/projects/sweater_weather/app/serializers/login_error_serializer.rb": {
        "lines": [
          1,
          1,
          null,
          1,
          null,
          null,
          null,
          null,
          null,
          null,
          null
        ]
      }
    },
    "timestamp": 1727213071
  }
}
